# JRE version: Java(TM) SE Runtime Environment (8.0_65-b17) (build 1.8.0_65-b17)
# Java VM: Java HotSpot(TM) 64-Bit Server VM (25.65-b01 mixed mode windows-amd64 compressed oops)
Heap:
 PSYoungGen      total 253952K, used 173516K [0x000000076b180000, 0x0000000788400000, 0x00000007c0000000)
  eden space 253440K, 68% used [0x000000076b180000,0x0000000775abb170,0x000000077a900000)
  from space 512K, 43% used [0x0000000787600000,0x0000000787638000,0x0000000787680000)
  to   space 9728K, 0% used [0x0000000787a80000,0x0000000787a80000,0x0000000788400000)
 ParOldGen       total 175104K, used 4699K [0x00000006c1400000, 0x00000006cbf00000, 0x000000076b180000)
  object space 175104K, 2% used [0x00000006c1400000,0x00000006c1896c20,0x00000006cbf00000)
 Metaspace       used 7809K, capacity 7906K, committed 8064K, reserved 1056768K
  class space    used 839K, capacity 889K, committed 896K, reserved 1048576K
GC Heap History (10 events):
Event: 23.906 GC heap before
{Heap before GC invocations=21 (full 0):
 PSYoungGen      total 317440K, used 316866K [0x000000076b180000, 0x0000000789880000, 0x00000007c0000000)
  eden space 310272K, 99% used [0x000000076b180000,0x000000077e06b168,0x000000077e080000)
  from space 7168K, 93% used [0x0000000789180000,0x0000000789805900,0x0000000789880000)
  to   space 9216K, 0% used [0x0000000788680000,0x0000000788680000,0x0000000788f80000)
 ParOldGen       total 175104K, used 3161K [0x00000006c1400000, 0x00000006cbf00000, 0x000000076b180000)
  object space 175104K, 1% used [0x00000006c1400000,0x00000006c17167d0,0x00000006cbf00000)
 Metaspace       used 7798K, capacity 7906K, committed 8064K, reserved 1056768K
  class space    used 838K, capacity 889K, committed 896K, reserved 1048576K
Event: 23.907 GC heap after
Heap after GC invocations=21 (full 0):
 PSYoungGen      total 303616K, used 5645K [0x000000076b180000, 0x0000000789200000, 0x00000007c0000000)
  eden space 297472K, 0% used [0x000000076b180000,0x000000076b180000,0x000000077d400000)
  from space 6144K, 91% used [0x0000000788680000,0x0000000788c034c0,0x0000000788c80000)
  to   space 5632K, 0% used [0x0000000788c80000,0x0000000788c80000,0x0000000789200000)
 ParOldGen       total 175104K, used 3257K [0x00000006c1400000, 0x00000006cbf00000, 0x000000076b180000)
  object space 175104K, 1% used [0x00000006c1400000,0x00000006c172e7d0,0x00000006cbf00000)
 Metaspace       used 7798K, capacity 7906K, committed 8064K, reserved 1056768K
  class space    used 838K, capacity 889K, committed 896K, reserved 1048576K
}
Event: 24.455 GC heap before
{Heap before GC invocations=22 (full 0):
 PSYoungGen      total 303616K, used 300997K [0x000000076b180000, 0x0000000789200000, 0x00000007c0000000)
  eden space 297472K, 99% used [0x000000076b180000,0x000000077d1ee0d0,0x000000077d400000)
  from space 6144K, 91% used [0x0000000788680000,0x0000000788c034c0,0x0000000788c80000)
  to   space 5632K, 0% used [0x0000000788c80000,0x0000000788c80000,0x0000000789200000)
 ParOldGen       total 175104K, used 3257K [0x00000006c1400000, 0x00000006cbf00000, 0x000000076b180000)
  object space 175104K, 1% used [0x00000006c1400000,0x00000006c172e7d0,0x00000006cbf00000)
 Metaspace       used 7799K, capacity 7906K, committed 8064K, reserved 1056768K
  class space    used 838K, capacity 889K, committed 896K, reserved 1048576K
Event: 24.457 GC heap after
Heap after GC invocations=22 (full 0):
 PSYoungGen      total 291328K, used 5517K [0x000000076b180000, 0x0000000789200000, 0x00000007c0000000)
  eden space 285696K, 0% used [0x000000076b180000,0x000000076b180000,0x000000077c880000)
  from space 5632K, 97% used [0x0000000788c80000,0x00000007891e34c0,0x0000000789200000)
  to   space 9728K, 0% used [0x0000000787f00000,0x0000000787f00000,0x0000000788880000)
 ParOldGen       total 175104K, used 4403K [0x00000006c1400000, 0x00000006cbf00000, 0x000000076b180000)
  object space 175104K, 2% used [0x00000006c1400000,0x00000006c184cc10,0x00000006cbf00000)
 Metaspace       used 7799K, capacity 7906K, committed 8064K, reserved 1056768K
  class space    used 838K, capacity 889K, committed 896K, reserved 1048576K
}
Event: 25.034 GC heap before
{Heap before GC invocations=23 (full 0):
 PSYoungGen      total 291328K, used 291213K [0x000000076b180000, 0x0000000789200000, 0x00000007c0000000)
  eden space 285696K, 100% used [0x000000076b180000,0x000000077c880000,0x000000077c880000)
  from space 5632K, 97% used [0x0000000788c80000,0x00000007891e34c0,0x0000000789200000)
  to   space 9728K, 0% used [0x0000000787f00000,0x0000000787f00000,0x0000000788880000)
 ParOldGen       total 175104K, used 4403K [0x00000006c1400000, 0x00000006cbf00000, 0x000000076b180000)
  object space 175104K, 2% used [0x00000006c1400000,0x00000006c184cc10,0x00000006cbf00000)
 Metaspace       used 7802K, capacity 7906K, committed 8064K, reserved 1056768K
  class space    used 839K, capacity 889K, committed 896K, reserved 1048576K
Event: 25.036 GC heap after
Heap after GC invocations=23 (full 0):
 PSYoungGen      total 274944K, used 256K [0x000000076b180000, 0x0000000788d00000, 0x00000007c0000000)
  eden space 274432K, 0% used [0x000000076b180000,0x000000076b180000,0x000000077bd80000)
  from space 512K, 50% used [0x0000000787f00000,0x0000000787f40000,0x0000000787f80000)
  to   space 9728K, 0% used [0x0000000788380000,0x0000000788380000,0x0000000788d00000)
 ParOldGen       total 175104K, used 4507K [0x00000006c1400000, 0x00000006cbf00000, 0x000000076b180000)
  object space 175104K, 2% used [0x00000006c1400000,0x00000006c1866c10,0x00000006cbf00000)
 Metaspace       used 7802K, capacity 7906K, committed 8064K, reserved 1056768K
  class space    used 839K, capacity 889K, committed 896K, reserved 1048576K
}
Event: 25.583 GC heap before
{Heap before GC invocations=24 (full 0):
 PSYoungGen      total 274944K, used 273154K [0x000000076b180000, 0x0000000788d00000, 0x00000007c0000000)
  eden space 274432K, 99% used [0x000000076b180000,0x000000077bc00ae8,0x000000077bd80000)
  from space 512K, 50% used [0x0000000787f00000,0x0000000787f40000,0x0000000787f80000)
  to   space 9728K, 0% used [0x0000000788380000,0x0000000788380000,0x0000000788d00000)
 ParOldGen       total 175104K, used 4507K [0x00000006c1400000, 0x00000006cbf00000, 0x000000076b180000)
  object space 175104K, 2% used [0x00000006c1400000,0x00000006c1866c10,0x00000006cbf00000)
 Metaspace       used 7802K, capacity 7906K, committed 8064K, reserved 1056768K
  class space    used 839K, capacity 889K, committed 896K, reserved 1048576K
Event: 25.585 GC heap after
Heap after GC invocations=24 (full 0):
 PSYoungGen      total 269312K, used 5581K [0x000000076b180000, 0x0000000788900000, 0x00000007c0000000)
  eden space 263680K, 0% used [0x000000076b180000,0x000000076b180000,0x000000077b300000)
  from space 5632K, 99% used [0x0000000788380000,0x00000007888f34c0,0x0000000788900000)
  to   space 9728K, 0% used [0x0000000787600000,0x0000000787600000,0x0000000787f80000)
 ParOldGen       total 175104K, used 4619K [0x00000006c1400000, 0x00000006cbf00000, 0x000000076b180000)
  object space 175104K, 2% used [0x00000006c1400000,0x00000006c1882c20,0x00000006cbf00000)
 Metaspace       used 7802K, capacity 7906K, committed 8064K, reserved 1056768K
  class space    used 839K, capacity 889K, committed 896K, reserved 1048576K
}
Event: 26.186 GC heap before
{Heap before GC invocations=25 (full 0):
 PSYoungGen      total 269312K, used 269261K [0x000000076b180000, 0x0000000788900000, 0x00000007c0000000)
  eden space 263680K, 100% used [0x000000076b180000,0x000000077b300000,0x000000077b300000)
  from space 5632K, 99% used [0x0000000788380000,0x00000007888f34c0,0x0000000788900000)
  to   space 9728K, 0% used [0x0000000787600000,0x0000000787600000,0x0000000787f80000)
 ParOldGen       total 175104K, used 4619K [0x00000006c1400000, 0x00000006cbf00000, 0x000000076b180000)
  object space 175104K, 2% used [0x00000006c1400000,0x00000006c1882c20,0x00000006cbf00000)
 Metaspace       used 7807K, capacity 7906K, committed 8064K, reserved 1056768K
  class space    used 839K, capacity 889K, committed 896K, reserved 1048576K
Event: 26.188 GC heap after
Heap after GC invocations=25 (full 0):
 PSYoungGen      total 253952K, used 224K [0x000000076b180000, 0x0000000788400000, 0x00000007c0000000)
  eden space 253440K, 0% used [0x000000076b180000,0x000000076b180000,0x000000077a900000)
  from space 512K, 43% used [0x0000000787600000,0x0000000787638000,0x0000000787680000)
  to   space 9728K, 0% used [0x0000000787a80000,0x0000000787a80000,0x0000000788400000)
 ParOldGen       total 175104K, used 4699K [0x00000006c1400000, 0x00000006cbf00000, 0x000000076b180000)
  object space 175104K, 2% used [0x00000006c1400000,0x00000006c1896c20,0x00000006cbf00000)
 Metaspace       used 7807K, capacity 7906K, committed 8064K, reserved 1056768K
  class space    used 839K, capacity 889K, committed 896K, reserved 1048576K
}

