# JRE version: Java(TM) SE Runtime Environment (8.0_65-b17) (build 1.8.0_65-b17)
# Java VM: Java HotSpot(TM) 64-Bit Server VM (25.65-b01 mixed mode windows-amd64 compressed oops)
Heap:
 PSYoungGen      total 81408K, used 71108K [0x000000076b180000, 0x0000000770e00000, 0x00000007c0000000)
  eden space 75776K, 86% used [0x000000076b180000,0x000000076f17dea8,0x000000076fb80000)
  from space 5632K, 99% used [0x0000000770880000,0x0000000770df34c0,0x0000000770e00000)
  to   space 9216K, 0% used [0x000000076fc00000,0x000000076fc00000,0x0000000770500000)
 ParOldGen       total 175104K, used 62450K [0x00000006c1400000, 0x00000006cbf00000, 0x000000076b180000)
  object space 175104K, 35% used [0x00000006c1400000,0x00000006c50fc8d0,0x00000006cbf00000)
 Metaspace       used 7920K, capacity 8034K, committed 8064K, reserved 1056768K
  class space    used 842K, capacity 889K, committed 896K, reserved 1048576K
GC Heap History (10 events):
Event: 82.374 GC heap before
{Heap before GC invocations=344 (full 0):
 PSYoungGen      total 86528K, used 85343K [0x000000076b180000, 0x0000000772100000, 0x00000007c0000000)
  eden space 86016K, 99% used [0x000000076b180000,0x00000007704affa0,0x0000000770580000)
  from space 512K, 31% used [0x0000000771700000,0x0000000771728000,0x0000000771780000)
  to   space 8192K, 0% used [0x0000000771900000,0x0000000771900000,0x0000000772100000)
 ParOldGen       total 175104K, used 62266K [0x00000006c1400000, 0x00000006cbf00000, 0x000000076b180000)
  object space 175104K, 35% used [0x00000006c1400000,0x00000006c50ce8d0,0x00000006cbf00000)
 Metaspace       used 7920K, capacity 8034K, committed 8064K, reserved 1056768K
  class space    used 842K, capacity 889K, committed 896K, reserved 1048576K
Event: 82.376 GC heap after
Heap after GC invocations=344 (full 0):
 PSYoungGen      total 84480K, used 96K [0x000000076b180000, 0x0000000771980000, 0x00000007c0000000)
  eden space 83968K, 0% used [0x000000076b180000,0x000000076b180000,0x0000000770380000)
  from space 512K, 18% used [0x0000000771900000,0x0000000771918000,0x0000000771980000)
  to   space 8192K, 0% used [0x0000000770980000,0x0000000770980000,0x0000000771180000)
 ParOldGen       total 175104K, used 62298K [0x00000006c1400000, 0x00000006cbf00000, 0x000000076b180000)
  object space 175104K, 35% used [0x00000006c1400000,0x00000006c50d68d0,0x00000006cbf00000)
 Metaspace       used 7920K, capacity 8034K, committed 8064K, reserved 1056768K
  class space    used 842K, capacity 889K, committed 896K, reserved 1048576K
}
Event: 82.432 GC heap before
{Heap before GC invocations=345 (full 0):
 PSYoungGen      total 84480K, used 82658K [0x000000076b180000, 0x0000000771980000, 0x00000007c0000000)
  eden space 83968K, 98% used [0x000000076b180000,0x0000000770220888,0x0000000770380000)
  from space 512K, 18% used [0x0000000771900000,0x0000000771918000,0x0000000771980000)
  to   space 8192K, 0% used [0x0000000770980000,0x0000000770980000,0x0000000771180000)
 ParOldGen       total 175104K, used 62298K [0x00000006c1400000, 0x00000006cbf00000, 0x000000076b180000)
  object space 175104K, 35% used [0x00000006c1400000,0x00000006c50d68d0,0x00000006cbf00000)
 Metaspace       used 7920K, capacity 8034K, committed 8064K, reserved 1056768K
  class space    used 842K, capacity 889K, committed 896K, reserved 1048576K
Event: 82.433 GC heap after
Heap after GC invocations=345 (full 0):
 PSYoungGen      total 88576K, used 6646K [0x000000076b180000, 0x0000000771980000, 0x00000007c0000000)
  eden space 81920K, 0% used [0x000000076b180000,0x000000076b180000,0x0000000770180000)
  from space 6656K, 99% used [0x0000000770980000,0x0000000770ffd900,0x0000000771000000)
  to   space 9216K, 0% used [0x0000000771080000,0x0000000771080000,0x0000000771980000)
 ParOldGen       total 175104K, used 62330K [0x00000006c1400000, 0x00000006cbf00000, 0x000000076b180000)
  object space 175104K, 35% used [0x00000006c1400000,0x00000006c50de8d0,0x00000006cbf00000)
 Metaspace       used 7920K, capacity 8034K, committed 8064K, reserved 1056768K
  class space    used 842K, capacity 889K, committed 896K, reserved 1048576K
}
Event: 82.643 GC heap before
{Heap before GC invocations=346 (full 0):
 PSYoungGen      total 88576K, used 88183K [0x000000076b180000, 0x0000000771980000, 0x00000007c0000000)
  eden space 81920K, 99% used [0x000000076b180000,0x0000000770120680,0x0000000770180000)
  from space 6656K, 99% used [0x0000000770980000,0x0000000770ffd900,0x0000000771000000)
  to   space 9216K, 0% used [0x0000000771080000,0x0000000771080000,0x0000000771980000)
 ParOldGen       total 175104K, used 62330K [0x00000006c1400000, 0x00000006cbf00000, 0x000000076b180000)
  object space 175104K, 35% used [0x00000006c1400000,0x00000006c50de8d0,0x00000006cbf00000)
 Metaspace       used 7920K, capacity 8034K, committed 8064K, reserved 1056768K
  class space    used 842K, capacity 889K, committed 896K, reserved 1048576K
Event: 82.645 GC heap after
Heap after GC invocations=346 (full 0):
 PSYoungGen      total 80384K, used 192K [0x000000076b180000, 0x0000000771100000, 0x00000007c0000000)
  eden space 79872K, 0% used [0x000000076b180000,0x000000076b180000,0x000000076ff80000)
  from space 512K, 37% used [0x0000000771080000,0x00000007710b0000,0x0000000771100000)
  to   space 8704K, 0% used [0x0000000770000000,0x0000000770000000,0x0000000770880000)
 ParOldGen       total 175104K, used 62378K [0x00000006c1400000, 0x00000006cbf00000, 0x000000076b180000)
  object space 175104K, 35% used [0x00000006c1400000,0x00000006c50ea8d0,0x00000006cbf00000)
 Metaspace       used 7920K, capacity 8034K, committed 8064K, reserved 1056768K
  class space    used 842K, capacity 889K, committed 896K, reserved 1048576K
}
Event: 82.843 GC heap before
{Heap before GC invocations=347 (full 0):
 PSYoungGen      total 80384K, used 79513K [0x000000076b180000, 0x0000000771100000, 0x00000007c0000000)
  eden space 79872K, 99% used [0x000000076b180000,0x000000076fef65d8,0x000000076ff80000)
  from space 512K, 37% used [0x0000000771080000,0x00000007710b0000,0x0000000771100000)
  to   space 8704K, 0% used [0x0000000770000000,0x0000000770000000,0x0000000770880000)
 ParOldGen       total 175104K, used 62378K [0x00000006c1400000, 0x00000006cbf00000, 0x000000076b180000)
  object space 175104K, 35% used [0x00000006c1400000,0x00000006c50ea8d0,0x00000006cbf00000)
 Metaspace       used 7920K, capacity 8034K, committed 8064K, reserved 1056768K
  class space    used 842K, capacity 889K, committed 896K, reserved 1048576K
Event: 82.843 GC heap after
Heap after GC invocations=347 (full 0):
 PSYoungGen      total 86528K, used 256K [0x000000076b180000, 0x0000000771100000, 0x00000007c0000000)
  eden space 77824K, 0% used [0x000000076b180000,0x000000076b180000,0x000000076fd80000)
  from space 8704K, 2% used [0x0000000770000000,0x0000000770040000,0x0000000770880000)
  to   space 8704K, 0% used [0x0000000770880000,0x0000000770880000,0x0000000771100000)
 ParOldGen       total 175104K, used 62418K [0x00000006c1400000, 0x00000006cbf00000, 0x000000076b180000)
  object space 175104K, 35% used [0x00000006c1400000,0x00000006c50f48d0,0x00000006cbf00000)
 Metaspace       used 7920K, capacity 8034K, committed 8064K, reserved 1056768K
  class space    used 842K, capacity 889K, committed 896K, reserved 1048576K
}
Event: 83.036 GC heap before
{Heap before GC invocations=348 (full 0):
 PSYoungGen      total 86528K, used 77123K [0x000000076b180000, 0x0000000771100000, 0x00000007c0000000)
  eden space 77824K, 98% used [0x000000076b180000,0x000000076fc90cd0,0x000000076fd80000)
  from space 8704K, 2% used [0x0000000770000000,0x0000000770040000,0x0000000770880000)
  to   space 8704K, 0% used [0x0000000770880000,0x0000000770880000,0x0000000771100000)
 ParOldGen       total 175104K, used 62418K [0x00000006c1400000, 0x00000006cbf00000, 0x000000076b180000)
  object space 175104K, 35% used [0x00000006c1400000,0x00000006c50f48d0,0x00000006cbf00000)
 Metaspace       used 7920K, capacity 8034K, committed 8064K, reserved 1056768K
  class space    used 842K, capacity 889K, committed 896K, reserved 1048576K
Event: 83.037 GC heap after
Heap after GC invocations=348 (full 0):
 PSYoungGen      total 81408K, used 5581K [0x000000076b180000, 0x0000000770e00000, 0x00000007c0000000)
  eden space 75776K, 0% used [0x000000076b180000,0x000000076b180000,0x000000076fb80000)
  from space 5632K, 99% used [0x0000000770880000,0x0000000770df34c0,0x0000000770e00000)
  to   space 9216K, 0% used [0x000000076fc00000,0x000000076fc00000,0x0000000770500000)
 ParOldGen       total 175104K, used 62450K [0x00000006c1400000, 0x00000006cbf00000, 0x000000076b180000)
  object space 175104K, 35% used [0x00000006c1400000,0x00000006c50fc8d0,0x00000006cbf00000)
 Metaspace       used 7920K, capacity 8034K, committed 8064K, reserved 1056768K
  class space    used 842K, capacity 889K, committed 896K, reserved 1048576K
}

