# JRE version: Java(TM) SE Runtime Environment (8.0_65-b17) (build 1.8.0_65-b17)
# Java VM: Java HotSpot(TM) 64-Bit Server VM (25.65-b01 mixed mode windows-amd64 compressed oops)
Heap:
 PSYoungGen      total 975872K, used 320050K [0x000000076b180000, 0x00000007a7c00000, 0x00000007c0000000)
  eden space 962048K, 32% used [0x000000076b180000,0x000000077e1529f0,0x00000007a5d00000)
  from space 13824K, 64% used [0x00000007a6e80000,0x00000007a773a0b0,0x00000007a7c00000)
  to   space 15872K, 0% used [0x00000007a5d00000,0x00000007a5d00000,0x00000007a6c80000)
 ParOldGen       total 126976K, used 125297K [0x00000006c1400000, 0x00000006c9000000, 0x000000076b180000)
  object space 126976K, 98% used [0x00000006c1400000,0x00000006c8e5c548,0x00000006c9000000)
 Metaspace       used 7919K, capacity 8034K, committed 8064K, reserved 1056768K
  class space    used 842K, capacity 889K, committed 896K, reserved 1048576K
GC Heap History (10 events):
Event: 69.017 GC heap before
{Heap before GC invocations=151 (full 3):
 PSYoungGen      total 711680K, used 702792K [0x000000076b180000, 0x000000079ce00000, 0x00000007c0000000)
  eden space 693760K, 100% used [0x000000076b180000,0x0000000795700000,0x0000000795700000)
  from space 17920K, 50% used [0x0000000795700000,0x0000000795fd2180,0x0000000796880000)
  to   space 17408K, 0% used [0x000000079bd00000,0x000000079bd00000,0x000000079ce00000)
 ParOldGen       total 115200K, used 17600K [0x00000006c1400000, 0x00000006c8480000, 0x000000076b180000)
  object space 115200K, 15% used [0x00000006c1400000,0x00000006c2530360,0x00000006c8480000)
 Metaspace       used 7919K, capacity 8034K, committed 8064K, reserved 1056768K
  class space    used 842K, capacity 889K, committed 896K, reserved 1048576K
Event: 69.021 GC heap after
Heap after GC invocations=151 (full 3):
 PSYoungGen      total 796160K, used 9032K [0x000000076b180000, 0x000000079cc80000, 0x00000007c0000000)
  eden space 780288K, 0% used [0x000000076b180000,0x000000076b180000,0x000000079ab80000)
  from space 15872K, 56% used [0x000000079bd00000,0x000000079c5d20b0,0x000000079cc80000)
  to   space 16896K, 0% used [0x000000079ab80000,0x000000079ab80000,0x000000079bc00000)
 ParOldGen       total 115200K, used 17800K [0x00000006c1400000, 0x00000006c8480000, 0x000000076b180000)
  object space 115200K, 15% used [0x00000006c1400000,0x00000006c2562360,0x00000006c8480000)
 Metaspace       used 7919K, capacity 8034K, committed 8064K, reserved 1056768K
  class space    used 842K, capacity 889K, committed 896K, reserved 1048576K
}
Event: 69.580 GC heap before
{Heap before GC invocations=152 (full 3):
 PSYoungGen      total 796160K, used 789320K [0x000000076b180000, 0x000000079cc80000, 0x00000007c0000000)
  eden space 780288K, 100% used [0x000000076b180000,0x000000079ab80000,0x000000079ab80000)
  from space 15872K, 56% used [0x000000079bd00000,0x000000079c5d20b0,0x000000079cc80000)
  to   space 16896K, 0% used [0x000000079ab80000,0x000000079ab80000,0x000000079bc00000)
 ParOldGen       total 115200K, used 52307K [0x00000006c1400000, 0x00000006c8480000, 0x000000076b180000)
  object space 115200K, 45% used [0x00000006c1400000,0x00000006c4714c20,0x00000006c8480000)
 Metaspace       used 7919K, capacity 8034K, committed 8064K, reserved 1056768K
  class space    used 842K, capacity 889K, committed 896K, reserved 1048576K
Event: 69.584 GC heap after
Heap after GC invocations=152 (full 3):
 PSYoungGen      total 797184K, used 9032K [0x000000076b180000, 0x00000007a2780000, 0x00000007c0000000)
  eden space 780288K, 0% used [0x000000076b180000,0x000000076b180000,0x000000079ab80000)
  from space 16896K, 53% used [0x000000079ab80000,0x000000079b4520b0,0x000000079bc00000)
  to   space 16384K, 0% used [0x00000007a1780000,0x00000007a1780000,0x00000007a2780000)
 ParOldGen       total 115200K, used 52515K [0x00000006c1400000, 0x00000006c8480000, 0x000000076b180000)
  object space 115200K, 45% used [0x00000006c1400000,0x00000006c4748c30,0x00000006c8480000)
 Metaspace       used 7919K, capacity 8034K, committed 8064K, reserved 1056768K
  class space    used 842K, capacity 889K, committed 896K, reserved 1048576K
}
Event: 70.070 GC heap before
{Heap before GC invocations=153 (full 3):
 PSYoungGen      total 797184K, used 789320K [0x000000076b180000, 0x00000007a2780000, 0x00000007c0000000)
  eden space 780288K, 100% used [0x000000076b180000,0x000000079ab80000,0x000000079ab80000)
  from space 16896K, 53% used [0x000000079ab80000,0x000000079b4520b0,0x000000079bc00000)
  to   space 16384K, 0% used [0x00000007a1780000,0x00000007a1780000,0x00000007a2780000)
 ParOldGen       total 115200K, used 95136K [0x00000006c1400000, 0x00000006c8480000, 0x000000076b180000)
  object space 115200K, 82% used [0x00000006c1400000,0x00000006c70e80a0,0x00000006c8480000)
 Metaspace       used 7919K, capacity 8034K, committed 8064K, reserved 1056768K
  class space    used 842K, capacity 889K, committed 896K, reserved 1048576K
Event: 70.072 GC heap after
Heap after GC invocations=153 (full 3):
 PSYoungGen      total 877568K, used 576K [0x000000076b180000, 0x00000007a2180000, 0x00000007c0000000)
  eden space 867328K, 0% used [0x000000076b180000,0x000000076b180000,0x00000007a0080000)
  from space 10240K, 5% used [0x00000007a1780000,0x00000007a1810000,0x00000007a2180000)
  to   space 16896K, 0% used [0x00000007a0080000,0x00000007a0080000,0x00000007a1100000)
 ParOldGen       total 115200K, used 95376K [0x00000006c1400000, 0x00000006c8480000, 0x000000076b180000)
  object space 115200K, 82% used [0x00000006c1400000,0x00000006c71240a0,0x00000006c8480000)
 Metaspace       used 7919K, capacity 8034K, committed 8064K, reserved 1056768K
  class space    used 842K, capacity 889K, committed 896K, reserved 1048576K
}
Event: 70.577 GC heap before
{Heap before GC invocations=154 (full 3):
 PSYoungGen      total 877568K, used 867198K [0x000000076b180000, 0x00000007a2180000, 0x00000007c0000000)
  eden space 867328K, 99% used [0x000000076b180000,0x000000079ffcf958,0x00000007a0080000)
  from space 10240K, 5% used [0x00000007a1780000,0x00000007a1810000,0x00000007a2180000)
  to   space 16896K, 0% used [0x00000007a0080000,0x00000007a0080000,0x00000007a1100000)
 ParOldGen       total 115200K, used 96441K [0x00000006c1400000, 0x00000006c8480000, 0x000000076b180000)
  object space 115200K, 83% used [0x00000006c1400000,0x00000006c722e4e0,0x00000006c8480000)
 Metaspace       used 7919K, capacity 8034K, committed 8064K, reserved 1056768K
  class space    used 842K, capacity 889K, committed 896K, reserved 1048576K
Event: 70.581 GC heap after
Heap after GC invocations=154 (full 3):
 PSYoungGen      total 884224K, used 9032K [0x000000076b180000, 0x00000007a7e80000, 0x00000007c0000000)
  eden space 867328K, 0% used [0x000000076b180000,0x000000076b180000,0x00000007a0080000)
  from space 16896K, 53% used [0x00000007a0080000,0x00000007a09520b0,0x00000007a1100000)
  to   space 16384K, 0% used [0x00000007a6e80000,0x00000007a6e80000,0x00000007a7e80000)
 ParOldGen       total 115200K, used 96473K [0x00000006c1400000, 0x00000006c8480000, 0x000000076b180000)
  object space 115200K, 83% used [0x00000006c1400000,0x00000006c72364e0,0x00000006c8480000)
 Metaspace       used 7919K, capacity 8034K, committed 8064K, reserved 1056768K
  class space    used 842K, capacity 889K, committed 896K, reserved 1048576K
}
Event: 71.154 GC heap before
{Heap before GC invocations=155 (full 3):
 PSYoungGen      total 884224K, used 876360K [0x000000076b180000, 0x00000007a7e80000, 0x00000007c0000000)
  eden space 867328K, 100% used [0x000000076b180000,0x00000007a0080000,0x00000007a0080000)
  from space 16896K, 53% used [0x00000007a0080000,0x00000007a09520b0,0x00000007a1100000)
  to   space 16384K, 0% used [0x00000007a6e80000,0x00000007a6e80000,0x00000007a7e80000)
 ParOldGen       total 126976K, used 125281K [0x00000006c1400000, 0x00000006c9000000, 0x000000076b180000)
  object space 126976K, 98% used [0x00000006c1400000,0x00000006c8e58548,0x00000006c9000000)
 Metaspace       used 7919K, capacity 8034K, committed 8064K, reserved 1056768K
  class space    used 842K, capacity 889K, committed 896K, reserved 1048576K
Event: 71.157 GC heap after
Heap after GC invocations=155 (full 3):
 PSYoungGen      total 975872K, used 8936K [0x000000076b180000, 0x00000007a7c00000, 0x00000007c0000000)
  eden space 962048K, 0% used [0x000000076b180000,0x000000076b180000,0x00000007a5d00000)
  from space 13824K, 64% used [0x00000007a6e80000,0x00000007a773a0b0,0x00000007a7c00000)
  to   space 15872K, 0% used [0x00000007a5d00000,0x00000007a5d00000,0x00000007a6c80000)
 ParOldGen       total 126976K, used 125297K [0x00000006c1400000, 0x00000006c9000000, 0x000000076b180000)
  object space 126976K, 98% used [0x00000006c1400000,0x00000006c8e5c548,0x00000006c9000000)
 Metaspace       used 7919K, capacity 8034K, committed 8064K, reserved 1056768K
  class space    used 842K, capacity 889K, committed 896K, reserved 1048576K
}

