# JRE version: Java(TM) SE Runtime Environment (8.0_65-b17) (build 1.8.0_65-b17)
# Java VM: Java HotSpot(TM) 64-Bit Server VM (25.65-b01 mixed mode windows-amd64 compressed oops)
Heap:
 PSYoungGen      total 88576K, used 81421K [0x000000076b180000, 0x0000000771980000, 0x00000007c0000000)
  eden space 88064K, 92% used [0x000000076b180000,0x00000007700cb5c8,0x0000000770780000)
  from space 512K, 43% used [0x0000000770a00000,0x0000000770a38000,0x0000000770a80000)
  to   space 9216K, 0% used [0x0000000771080000,0x0000000771080000,0x0000000771980000)
 ParOldGen       total 175104K, used 31450K [0x00000006c1400000, 0x00000006cbf00000, 0x000000076b180000)
  object space 175104K, 17% used [0x00000006c1400000,0x00000006c32b69c0,0x00000006cbf00000)
 Metaspace       used 7914K, capacity 8034K, committed 8064K, reserved 1056768K
  class space    used 840K, capacity 889K, committed 896K, reserved 1048576K
GC Heap History (10 events):
Event: 72.579 GC heap before
{Heap before GC invocations=291 (full 0):
 PSYoungGen      total 109568K, used 100816K [0x000000076b180000, 0x0000000772500000, 0x00000007c0000000)
  eden space 100864K, 99% used [0x000000076b180000,0x00000007713ac3b8,0x0000000771400000)
  from space 8704K, 3% used [0x0000000771c80000,0x0000000771cc8000,0x0000000772500000)
  to   space 8704K, 0% used [0x0000000771400000,0x0000000771400000,0x0000000771c80000)
 ParOldGen       total 175104K, used 31234K [0x00000006c1400000, 0x00000006cbf00000, 0x000000076b180000)
  object space 175104K, 17% used [0x00000006c1400000,0x00000006c32809c0,0x00000006cbf00000)
 Metaspace       used 7914K, capacity 8034K, committed 8064K, reserved 1056768K
  class space    used 840K, capacity 889K, committed 896K, reserved 1048576K
Event: 72.580 GC heap after
Heap after GC invocations=291 (full 0):
 PSYoungGen      total 100864K, used 2354K [0x000000076b180000, 0x0000000772280000, 0x00000007c0000000)
  eden space 98304K, 0% used [0x000000076b180000,0x000000076b180000,0x0000000771180000)
  from space 2560K, 91% used [0x0000000771400000,0x000000077164c880,0x0000000771680000)
  to   space 8704K, 0% used [0x0000000771a00000,0x0000000771a00000,0x0000000772280000)
 ParOldGen       total 175104K, used 31274K [0x00000006c1400000, 0x00000006cbf00000, 0x000000076b180000)
  object space 175104K, 17% used [0x00000006c1400000,0x00000006c328a9c0,0x00000006cbf00000)
 Metaspace       used 7914K, capacity 8034K, committed 8064K, reserved 1056768K
  class space    used 840K, capacity 889K, committed 896K, reserved 1048576K
}
Event: 73.026 GC heap before
{Heap before GC invocations=292 (full 0):
 PSYoungGen      total 100864K, used 98910K [0x000000076b180000, 0x0000000772280000, 0x00000007c0000000)
  eden space 98304K, 98% used [0x000000076b180000,0x0000000770fcb338,0x0000000771180000)
  from space 2560K, 91% used [0x0000000771400000,0x000000077164c880,0x0000000771680000)
  to   space 8704K, 0% used [0x0000000771a00000,0x0000000771a00000,0x0000000772280000)
 ParOldGen       total 175104K, used 31274K [0x00000006c1400000, 0x00000006cbf00000, 0x000000076b180000)
  object space 175104K, 17% used [0x00000006c1400000,0x00000006c328a9c0,0x00000006cbf00000)
 Metaspace       used 7914K, capacity 8034K, committed 8064K, reserved 1056768K
  class space    used 840K, capacity 889K, committed 896K, reserved 1048576K
Event: 73.028 GC heap after
Heap after GC invocations=292 (full 0):
 PSYoungGen      total 101888K, used 5485K [0x000000076b180000, 0x0000000772000000, 0x00000007c0000000)
  eden space 95744K, 0% used [0x000000076b180000,0x000000076b180000,0x0000000770f00000)
  from space 6144K, 89% used [0x0000000771a00000,0x0000000771f5b4c0,0x0000000772000000)
  to   space 8704K, 0% used [0x0000000770f00000,0x0000000770f00000,0x0000000771780000)
 ParOldGen       total 175104K, used 31330K [0x00000006c1400000, 0x00000006cbf00000, 0x000000076b180000)
  object space 175104K, 17% used [0x00000006c1400000,0x00000006c32989c0,0x00000006cbf00000)
 Metaspace       used 7914K, capacity 8034K, committed 8064K, reserved 1056768K
  class space    used 840K, capacity 889K, committed 896K, reserved 1048576K
}
Event: 73.351 GC heap before
{Heap before GC invocations=293 (full 0):
 PSYoungGen      total 101888K, used 100409K [0x000000076b180000, 0x0000000772000000, 0x00000007c0000000)
  eden space 95744K, 99% used [0x000000076b180000,0x0000000770e330a0,0x0000000770f00000)
  from space 6144K, 89% used [0x0000000771a00000,0x0000000771f5b4c0,0x0000000772000000)
  to   space 8704K, 0% used [0x0000000770f00000,0x0000000770f00000,0x0000000771780000)
 ParOldGen       total 175104K, used 31330K [0x00000006c1400000, 0x00000006cbf00000, 0x000000076b180000)
  object space 175104K, 17% used [0x00000006c1400000,0x00000006c32989c0,0x00000006cbf00000)
 Metaspace       used 7914K, capacity 8034K, committed 8064K, reserved 1056768K
  class space    used 840K, capacity 889K, committed 896K, reserved 1048576K
Event: 73.352 GC heap after
Heap after GC invocations=293 (full 0):
 PSYoungGen      total 98816K, used 5549K [0x000000076b180000, 0x0000000771e80000, 0x00000007c0000000)
  eden space 93184K, 0% used [0x000000076b180000,0x000000076b180000,0x0000000770c80000)
  from space 5632K, 98% used [0x0000000770f00000,0x000000077146b4c0,0x0000000771480000)
  to   space 9216K, 0% used [0x0000000771580000,0x0000000771580000,0x0000000771e80000)
 ParOldGen       total 175104K, used 31378K [0x00000006c1400000, 0x00000006cbf00000, 0x000000076b180000)
  object space 175104K, 17% used [0x00000006c1400000,0x00000006c32a49c0,0x00000006cbf00000)
 Metaspace       used 7914K, capacity 8034K, committed 8064K, reserved 1056768K
  class space    used 840K, capacity 889K, committed 896K, reserved 1048576K
}
Event: 73.681 GC heap before
{Heap before GC invocations=294 (full 0):
 PSYoungGen      total 98816K, used 97944K [0x000000076b180000, 0x0000000771e80000, 0x00000007c0000000)
  eden space 93184K, 99% used [0x000000076b180000,0x0000000770bbac18,0x0000000770c80000)
  from space 5632K, 98% used [0x0000000770f00000,0x000000077146b4c0,0x0000000771480000)
  to   space 9216K, 0% used [0x0000000771580000,0x0000000771580000,0x0000000771e80000)
 ParOldGen       total 175104K, used 31378K [0x00000006c1400000, 0x00000006cbf00000, 0x000000076b180000)
  object space 175104K, 17% used [0x00000006c1400000,0x00000006c32a49c0,0x00000006cbf00000)
 Metaspace       used 7914K, capacity 8034K, committed 8064K, reserved 1056768K
  class space    used 840K, capacity 889K, committed 896K, reserved 1048576K
Event: 73.682 GC heap after
Heap after GC invocations=294 (full 0):
 PSYoungGen      total 97280K, used 192K [0x000000076b180000, 0x0000000771c00000, 0x00000007c0000000)
  eden space 90624K, 0% used [0x000000076b180000,0x000000076b180000,0x0000000770a00000)
  from space 6656K, 2% used [0x0000000771580000,0x00000007715b0000,0x0000000771c00000)
  to   space 9216K, 0% used [0x0000000770a00000,0x0000000770a00000,0x0000000771300000)
 ParOldGen       total 175104K, used 31410K [0x00000006c1400000, 0x00000006cbf00000, 0x000000076b180000)
  object space 175104K, 17% used [0x00000006c1400000,0x00000006c32ac9c0,0x00000006cbf00000)
 Metaspace       used 7914K, capacity 8034K, committed 8064K, reserved 1056768K
  class space    used 840K, capacity 889K, committed 896K, reserved 1048576K
}
Event: 73.985 GC heap before
{Heap before GC invocations=295 (full 0):
 PSYoungGen      total 97280K, used 90751K [0x000000076b180000, 0x0000000771c00000, 0x00000007c0000000)
  eden space 90624K, 99% used [0x000000076b180000,0x00000007709efdd0,0x0000000770a00000)
  from space 6656K, 2% used [0x0000000771580000,0x00000007715b0000,0x0000000771c00000)
  to   space 9216K, 0% used [0x0000000770a00000,0x0000000770a00000,0x0000000771300000)
 ParOldGen       total 175104K, used 31410K [0x00000006c1400000, 0x00000006cbf00000, 0x000000076b180000)
  object space 175104K, 17% used [0x00000006c1400000,0x00000006c32ac9c0,0x00000006cbf00000)
 Metaspace       used 7914K, capacity 8034K, committed 8064K, reserved 1056768K
  class space    used 840K, capacity 889K, committed 896K, reserved 1048576K
Event: 73.986 GC heap after
Heap after GC invocations=295 (full 0):
 PSYoungGen      total 88576K, used 224K [0x000000076b180000, 0x0000000771980000, 0x00000007c0000000)
  eden space 88064K, 0% used [0x000000076b180000,0x000000076b180000,0x0000000770780000)
  from space 512K, 43% used [0x0000000770a00000,0x0000000770a38000,0x0000000770a80000)
  to   space 9216K, 0% used [0x0000000771080000,0x0000000771080000,0x0000000771980000)
 ParOldGen       total 175104K, used 31450K [0x00000006c1400000, 0x00000006cbf00000, 0x000000076b180000)
  object space 175104K, 17% used [0x00000006c1400000,0x00000006c32b69c0,0x00000006cbf00000)
 Metaspace       used 7914K, capacity 8034K, committed 8064K, reserved 1056768K
  class space    used 840K, capacity 889K, committed 896K, reserved 1048576K
}

